Sun Mar 03 2019 21:29:10 GMT+0530 (India Standard Time) - POST - /todosSun Mar 03 2019 21:32:31 GMT+0530 (India Standard Time) - POST - /todosSun Mar 03 2019 21:34:45 GMT+0530 (India Standard Time) - POST - /todosSun Mar 03 2019 21:38:03 GMT+0530 (India Standard Time) - POST - /todosSun Mar 03 2019 21:38:55 GMT+0530 (India Standard Time) - POST - /todosSun Mar 03 2019 21:39:11 GMT+0530 (India Standard Time) - POST - /todosSat Mar 16 2019 14:10:57 GMT+0530 (India Standard Time) - GET - /
Sat Mar 16 2019 14:10:58 GMT+0530 (India Standard Time) - GET - /favicon.ico
Sat Mar 16 2019 14:11:02 GMT+0530 (India Standard Time) - GET - /todos
Sat Mar 16 2019 14:22:58 GMT+0530 (India Standard Time) - POST - /todos
Sat Mar 16 2019 14:36:01 GMT+0530 (India Standard Time) - GET - /todos
Sat Mar 16 2019 14:37:00 GMT+0530 (India Standard Time) - GET - /todos
Sat Mar 16 2019 14:38:19 GMT+0530 (India Standard Time) - GET - /
Sat Mar 16 2019 14:38:23 GMT+0530 (India Standard Time) - GET - /todos
Sat Mar 16 2019 14:38:43 GMT+0530 (India Standard Time) - GET - /todos
Sat Mar 16 2019 14:40:11 GMT+0530 (India Standard Time) - GET - /todos
Sat Mar 16 2019 14:40:42 GMT+0530 (India Standard Time) - GET - /todos
Sat Mar 16 2019 14:40:50 GMT+0530 (India Standard Time) - GET - /todos
Sat Mar 16 2019 14:41:05 GMT+0530 (India Standard Time) - GET - /todos
Sat Mar 16 2019 15:03:32 GMT+0530 (India Standard Time) - GET - /todos
Sat Mar 16 2019 15:03:58 GMT+0530 (India Standard Time) - GET - /todos
Sat Mar 16 2019 15:03:58 GMT+0530 (India Standard Time) - GET - /todos
Sat Mar 16 2019 15:19:49 GMT+0530 (India Standard Time) - GET - /todos
Sat Mar 16 2019 15:19:52 GMT+0530 (India Standard Time) - GET - /todos
Sat Mar 16 2019 15:21:45 GMT+0530 (India Standard Time) - GET - /todos
Sat Mar 16 2019 15:22:02 GMT+0530 (India Standard Time) - GET - /todos
Sat Mar 16 2019 15:25:39 GMT+0530 (India Standard Time) - GET - /todos
Sat Mar 16 2019 16:53:48 GMT+0530 (India Standard Time) - GET - /todos
Sat Mar 16 2019 17:33:34 GMT+0530 (India Standard Time) - POST - /todos
Sat Mar 16 2019 18:51:30 GMT+0530 (India Standard Time) - GET - /todos/5c8ce6168344de35b01828d5
Sat Mar 16 2019 18:51:55 GMT+0530 (India Standard Time) - GET - /todos/5c8ce6168344de35b01828d5
Sat Mar 16 2019 18:52:19 GMT+0530 (India Standard Time) - GET - /todos/5c8ce6168344de35b01828d5
Sat Mar 16 2019 18:52:28 GMT+0530 (India Standard Time) - GET - /
Sat Mar 16 2019 18:52:32 GMT+0530 (India Standard Time) - GET - /todos
Sat Mar 16 2019 18:52:41 GMT+0530 (India Standard Time) - GET - /todos/
Sat Mar 16 2019 18:52:48 GMT+0530 (India Standard Time) - GET - /todos/
Sat Mar 16 2019 18:52:59 GMT+0530 (India Standard Time) - GET - /todos/5c8ce6168344de35b01828d5
Sat Mar 16 2019 18:53:01 GMT+0530 (India Standard Time) - GET - /todos/5c8ce6168344de35b01828d5
Sat Mar 16 2019 18:53:04 GMT+0530 (India Standard Time) - GET - /
Sat Mar 16 2019 18:53:08 GMT+0530 (India Standard Time) - GET - /todos
Sat Mar 16 2019 18:53:18 GMT+0530 (India Standard Time) - GET - /todos/5c8ce6168344de35b01828d5
Sat Mar 16 2019 18:53:22 GMT+0530 (India Standard Time) - GET - /todos/5c8ce6168344de35b01828d5
Sat Mar 16 2019 18:59:01 GMT+0530 (India Standard Time) - GET - /todos/5c8ce6168344de35b01828d5
Sat Mar 16 2019 18:59:06 GMT+0530 (India Standard Time) - GET - /todos/5c8ce6168344de35b01828d5
Sat Mar 16 2019 18:59:12 GMT+0530 (India Standard Time) - GET - /todos/5c8ce6168344de35b01828d
Sat Mar 16 2019 18:59:15 GMT+0530 (India Standard Time) - GET - /todos/5c8ce6168344de35b01828d4
Sat Mar 16 2019 18:59:26 GMT+0530 (India Standard Time) - GET - /todos/5c8ce6168344de35b01828d
Sat Mar 16 2019 18:59:45 GMT+0530 (India Standard Time) - GET - /todos/5c8ce6168344de35b01828d5
Sat Mar 16 2019 18:59:52 GMT+0530 (India Standard Time) - GET - /todos/5c8ce6168344de35b01828d6
Sat Mar 16 2019 19:03:09 GMT+0530 (India Standard Time) - GET - /todos/5c8ce6168344de35b01828d6
Sat Mar 16 2019 19:04:03 GMT+0530 (India Standard Time) - GET - /todos/5c8ce6168344de35b01828d6
Sat Mar 16 2019 19:04:40 GMT+0530 (India Standard Time) - GET - /todos/5c8ce6168344de35b01828d6
Sat Mar 16 2019 19:05:07 GMT+0530 (India Standard Time) - GET - /todos/5c8ce6168344de35b01828d6
Sat Mar 16 2019 19:05:32 GMT+0530 (India Standard Time) - GET - /todos/5c8ce6168344de35b01828d6
Sat Mar 16 2019 19:06:52 GMT+0530 (India Standard Time) - GET - /todos/5c8ce6168344de35b01828d6
Sat Mar 16 2019 19:07:42 GMT+0530 (India Standard Time) - GET - /todos/5c8ce6168344de35b01828d6
Sat Mar 16 2019 19:09:06 GMT+0530 (India Standard Time) - GET - /todos/5c8ce6168344de35b01828d6
Sat Mar 16 2019 19:09:16 GMT+0530 (India Standard Time) - GET - /todos/5c8ce6168344de35b01828d6
Sat Mar 16 2019 19:09:35 GMT+0530 (India Standard Time) - GET - /todos/5c8ce6168344de35b01828d6
Sat Mar 16 2019 19:10:31 GMT+0530 (India Standard Time) - GET - /todos/5c8ce6168344de35b01828d6
Sat Mar 16 2019 19:10:38 GMT+0530 (India Standard Time) - GET - /todos/5c8ce6168344de35b01828d5
Sat Mar 16 2019 19:10:43 GMT+0530 (India Standard Time) - GET - /todos/5c8ce6168344de35b01828d
Sat Mar 16 2019 19:11:02 GMT+0530 (India Standard Time) - GET - /todos/5c8ce6168344de35b01828d
Sat Mar 16 2019 19:11:06 GMT+0530 (India Standard Time) - GET - /todos/5c8ce6168344de35b01828d
Sat Mar 16 2019 19:11:31 GMT+0530 (India Standard Time) - GET - /todos/5c8ce6168344de35b01828d
Sat Mar 16 2019 19:11:35 GMT+0530 (India Standard Time) - GET - /todos/5c8ce6168344de35b01828d4
Sat Mar 16 2019 19:11:42 GMT+0530 (India Standard Time) - GET - /todos/5c8ce6168344de35b01828d5
Sat Mar 16 2019 19:12:39 GMT+0530 (India Standard Time) - GET - /todos/5c8ce6168344de35b01828d5
Sat Mar 16 2019 19:13:21 GMT+0530 (India Standard Time) - GET - /todos/5c8ce6168344de35b01828d5
Sat Mar 16 2019 19:15:33 GMT+0530 (India Standard Time) - GET - /todos/5c8ce6168344de35b01828d5
Sat Mar 16 2019 19:49:03 GMT+0530 (India Standard Time) - GET - /todos/5c8ce6168344de35b01828d5
Sat Mar 16 2019 19:49:08 GMT+0530 (India Standard Time) - GET - /todos/
